<?xml version="1.0" encoding="UTF-8"?>
<!-- Generated by org.testng.reporters.JUnitReportReporter -->
<testsuite hostname="Sasikumar" failures="0" tests="1" name="org.tests.NinjaTutorialsCheck" time="4.884" errors="0" timestamp="2025-05-20T12:10:46 IST" skipped="0">
  <testcase classname="org.tests.NinjaTutorialsCheck" name="checkOne" time="4.884"/>
</testsuite> <!-- org.tests.NinjaTutorialsCheck -->
