<?xml version="1.0" encoding="UTF-8"?>
<!-- Generated by org.testng.reporters.JUnitReportReporter -->
<testsuite hostname="Sasikumar" failures="0" tests="1" name="org.bases.RunnerProjectDriver" time="8.944" errors="0" timestamp="2025-06-02T02:02:30 IST" skipped="0">
  <testcase classname="org.bases.RunnerProjectDriver" name="testOne" time="8.944"/>
</testsuite> <!-- org.bases.RunnerProjectDriver -->
