<?xml version="1.0" encoding="UTF-8"?>
<!-- Generated by org.testng.reporters.JUnitReportReporter -->
<testsuite hostname="Sasikumar" failures="0" tests="3" name="org.customized.methods.Rough" time="0.026" errors="0" timestamp="2025-05-28T15:11:29 IST" skipped="0">
  <testcase classname="org.customized.methods.Rough" name="TestTwo" time="0.022"/>
  <testcase classname="org.customized.methods.Rough" name="testName" time="0.002"/>
  <testcase classname="org.customized.methods.Rough" name="testOnes" time="0.002"/>
</testsuite> <!-- org.customized.methods.Rough -->
