<?xml version="1.0" encoding="UTF-8"?>
<!-- Generated by org.testng.reporters.JUnitReportReporter -->
<testsuite hostname="Sasikumar" failures="0" tests="1" name="org.customized.methods.CustomizedMethods" time="0.016" errors="0" timestamp="2025-05-28T12:42:12 IST" skipped="0">
  <testcase classname="org.customized.methods.CustomizedMethods" name="testName" time="0.016"/>
</testsuite> <!-- org.customized.methods.CustomizedMethods -->
