<?xml version="1.0" encoding="UTF-8"?>
<!-- Generated by org.testng.reporters.JUnitReportReporter -->
<testsuite hostname="Sasikumar" failures="0" tests="1" name="org.tests.NinjaTutorialsCheck" time="3.784" errors="0" timestamp="2025-05-27T12:21:04 IST" skipped="0">
  <testcase classname="org.tests.NinjaTutorialsCheck" name="checkOne" time="3.784"/>
</testsuite> <!-- org.tests.NinjaTutorialsCheck -->
